#
# There is insufficient memory for the Java Runtime Environment to continue.
# Native memory allocation (malloc) failed to allocate 794816 bytes for Chunk::new
# Possible reasons:
#   The system is out of physical RAM or swap space
#   The process is running with CompressedOops enabled, and the Java Heap may be blocking the growth of the native heap
# Possible solutions:
#   Reduce memory load on the system
#   Increase physical memory or swap space
#   Check if swap backing store is full
#   Decrease Java heap size (-Xmx/-Xms)
#   Decrease number of Java threads
#   Decrease Java thread stack sizes (-Xss)
#   Set larger code cache with -XX:ReservedCodeCacheSize=
#   JVM is running with Unscaled Compressed Oops mode in which the Java heap is
#     placed in the first 4GB address space. The Java Heap base address is the
#     maximum limit for the native heap growth. Please use -XX:HeapBaseMinAddress
#     to set the Java Heap base and to place the Java Heap above 4GB virtual address.
# This output file may be truncated or incomplete.
#
#  Out of Memory Error (allocation.cpp:389), pid=47468, tid=0x000000000000ba10
#
# JRE version: OpenJDK Runtime Environment (8.0_202-b03) (build 1.8.0_202-release-1483-b03)
# Java VM: OpenJDK 64-Bit Server VM (25.202-b03 mixed mode windows-amd64 compressed oops)
# Failed to write core dump. Minidumps are not enabled by default on client versions of Windows
#

---------------  T H R E A D  ---------------

Current thread (0x0000000016963800):  JavaThread "C2 CompilerThread1" daemon [_thread_in_native, id=47632, stack(0x00000000180c0000,0x00000000181c0000)]

Stack: [0x00000000180c0000,0x00000000181c0000]
[error occurred during error reporting (printing stack bounds), id 0xc0000005]

Native frames: (J=compiled Java code, j=interpreted, Vv=VM code, C=native code)


Current CompileTask:
C2:2582273 22501       4       com.android.tools.r8.ir.optimize.CodeRewriter::rewriteMoveResult (325 bytes)


---------------  P R O C E S S  ---------------

Java Threads: ( => current thread )
  0x00000000185a7800 JavaThread "ForkJoinPool.commonPool-worker-1" daemon [_thread_in_native, id=48460, stack(0x0000000029260000,0x0000000029360000)]
  0x000000001859d000 JavaThread "ForkJoinPool.commonPool-worker-0" daemon [_thread_in_Java, id=48456, stack(0x0000000028f60000,0x0000000029060000)]
  0x00000000185a4000 JavaThread "ForkJoinPool.commonPool-worker-3" daemon [_thread_blocked, id=48452, stack(0x0000000028e60000,0x0000000028f60000)]
  0x00000000185a3000 JavaThread "RMI TCP Connection(24)-127.0.0.1" daemon [_thread_in_native, id=38208, stack(0x0000000028d60000,0x0000000028e60000)]
  0x00000000185a1000 JavaThread "RMI TCP Connection(23)-127.0.0.1" daemon [_thread_in_native, id=46652, stack(0x0000000028c60000,0x0000000028d60000)]
  0x00000000185a2800 JavaThread "RMI RenewClean-[127.0.0.1:17229,org.jetbrains.kotlin.daemon.common.LoopbackNetworkInterface$ClientLoopbackSocketFactory@62af7473]" daemon [_thread_blocked, id=38128, stack(0x0000000028b60000,0x0000000028c60000)]
  0x0000000022f97000 JavaThread "Cache worker for execution history cache (C:\Users\Ir Christian Scott\Desktop\Projects\Ting\tingapp\.gradle\5.4.1\executionHistory)" [_thread_blocked, id=47908, stack(0x0000000027a10000,0x0000000027b10000)]
  0x0000000022f90800 JavaThread "Execution worker for ':' Thread 3" [_thread_blocked, id=47860, stack(0x0000000025a40000,0x0000000025b40000)]
  0x0000000022f94000 JavaThread "Execution worker for ':' Thread 2" [_thread_blocked, id=33768, stack(0x0000000024240000,0x0000000024340000)]
  0x0000000022f93800 JavaThread "Execution worker for ':'" [_thread_blocked, id=10832, stack(0x0000000021500000,0x0000000021600000)]
  0x0000000022f95000 JavaThread "Cache worker for file content cache (C:\Users\Ir Christian Scott\Desktop\Projects\Ting\tingapp\.gradle\5.4.1\fileContent)" [_thread_blocked, id=45044, stack(0x0000000021400000,0x0000000021500000)]
  0x0000000022f92800 JavaThread "Cache worker for Build Output Cleanup Cache (C:\Users\Ir Christian Scott\Desktop\Projects\Ting\tingapp\.gradle\buildOutputCleanup)" [_thread_blocked, id=46524, stack(0x0000000021300000,0x0000000021400000)]
  0x0000000022f89000 JavaThread "Build operations Thread 4" [_thread_blocked, id=32216, stack(0x0000000021200000,0x0000000021300000)]
  0x0000000022f8f800 JavaThread "Build operations Thread 3" [_thread_blocked, id=47372, stack(0x0000000021100000,0x0000000021200000)]
  0x0000000022f8b000 JavaThread "Build operations Thread 2" [_thread_blocked, id=36852, stack(0x0000000020a10000,0x0000000020b10000)]
  0x0000000022f8f000 JavaThread "Build operations" [_thread_blocked, id=39724, stack(0x000000001f2e0000,0x000000001f3e0000)]
  0x0000000022f8a800 JavaThread "Cache worker for cache directory md-rule (C:\Users\Ir Christian Scott\.gradle\caches\5.4.1\md-rule)" [_thread_blocked, id=43768, stack(0x000000001c1e0000,0x000000001c2e0000)]
  0x0000000022f8c800 JavaThread "Cache worker for cache directory md-supplier (C:\Users\Ir Christian Scott\.gradle\caches\5.4.1\md-supplier)" [_thread_blocked, id=44256, stack(0x000000001c0e0000,0x000000001c1e0000)]
  0x0000000022f8e000 JavaThread "Cache worker for file hash cache (C:\Users\Ir Christian Scott\Desktop\Projects\Ting\tingapp\.gradle\5.4.1\fileHashes)" [_thread_blocked, id=47596, stack(0x000000001bfe0000,0x000000001c0e0000)]
  0x0000000022f8d800 JavaThread "Thread-145" [_thread_blocked, id=47936, stack(0x000000001bee0000,0x000000001bfe0000)]
  0x000000001ca8f000 JavaThread "Stdin handler" [_thread_blocked, id=28492, stack(0x000000001bde0000,0x000000001bee0000)]
  0x000000001ca90800 JavaThread "Asynchronous log dispatcher for DefaultDaemonConnection: socket connection from /127.0.0.1:51635 to /127.0.0.1:52704" [_thread_blocked, id=40628, stack(0x000000001bae0000,0x000000001bbe0000)]
  0x000000001ca96000 JavaThread "Daemon worker Thread 7" [_thread_blocked, id=45088, stack(0x000000001b9e0000,0x000000001bae0000)]
  0x000000001ca95800 JavaThread "Cancel handler" [_thread_blocked, id=46620, stack(0x00000000014f0000,0x00000000015f0000)]
  0x000000001ca94000 JavaThread "Handler for socket connection from /127.0.0.1:51635 to /127.0.0.1:52704" [_thread_in_native, id=45808, stack(0x00000000013f0000,0x00000000014f0000)]
  0x000000001ca92800 JavaThread "Daemon Thread 7" [_thread_blocked, id=47464, stack(0x00000000012f0000,0x00000000013f0000)]
  0x000000001859e000 JavaThread "RMI Reaper" [_thread_blocked, id=34048, stack(0x0000000027910000,0x0000000027a10000)]
  0x000000001859f800 JavaThread "RMI TCP Accept-0" daemon [_thread_in_native, id=47408, stack(0x0000000026840000,0x0000000026940000)]
  0x00000000185a0000 JavaThread "GC Daemon" daemon [_thread_blocked, id=47176, stack(0x0000000025b40000,0x0000000025c40000)]
  0x00000000185ef000 JavaThread "RMI Scheduler(0)" daemon [_thread_blocked, id=43412, stack(0x0000000024740000,0x0000000024840000)]
  0x0000000022f88000 JavaThread "Cache worker for file content cache (C:\Users\Ir Christian Scott\.gradle\caches\5.4.1\fileContent)" [_thread_blocked, id=41096, stack(0x0000000022690000,0x0000000022790000)]
  0x000000001ca93000 JavaThread "Memory manager" [_thread_blocked, id=46544, stack(0x00000000222f0000,0x00000000223f0000)]
  0x000000001ca94800 JavaThread "Cache worker for execution history cache (C:\Users\Ir Christian Scott\.gradle\caches\5.4.1\executionHistory)" [_thread_blocked, id=36284, stack(0x0000000020b10000,0x0000000020c10000)]
  0x00000000185ea800 JavaThread "Cache worker for journal cache (C:\Users\Ir Christian Scott\.gradle\caches\journal-1)" [_thread_blocked, id=47708, stack(0x000000001c6e0000,0x000000001c7e0000)]
  0x00000000185ec000 JavaThread "File lock request listener" [_thread_in_native, id=47968, stack(0x000000001c3e0000,0x000000001c4e0000)]
  0x00000000188ce800 JavaThread "Cache worker for file hash cache (C:\Users\Ir Christian Scott\.gradle\caches\5.4.1\fileHashes)" [_thread_blocked, id=44104, stack(0x000000001c2e0000,0x000000001c3e0000)]
  0x0000000019729800 JavaThread "Daemon periodic checks" [_thread_blocked, id=46460, stack(0x000000001b8e0000,0x000000001b9e0000)]
  0x0000000019773800 JavaThread "Incoming local TCP Connector on port 51635" [_thread_in_native, id=47920, stack(0x000000001b6a0000,0x000000001b7a0000)]
  0x0000000019f3d800 JavaThread "Daemon health stats" [_thread_blocked, id=47812, stack(0x000000001b060000,0x000000001b160000)]
  0x00000000182e8800 JavaThread "Service Thread" daemon [_thread_blocked, id=47676, stack(0x00000000186c0000,0x00000000187c0000)]
  0x000000001696b000 JavaThread "C1 CompilerThread2" daemon [_thread_blocked, id=47648, stack(0x00000000181c0000,0x00000000182c0000)]
=>0x0000000016963800 JavaThread "C2 CompilerThread1" daemon [_thread_in_native, id=47632, stack(0x00000000180c0000,0x00000000181c0000)]
  0x000000001695f000 JavaThread "C2 CompilerThread0" daemon [_thread_in_native, id=47484, stack(0x0000000017fc0000,0x00000000180c0000)]
  0x000000001695b800 JavaThread "Attach Listener" daemon [_thread_blocked, id=47880, stack(0x0000000017ec0000,0x0000000017fc0000)]
  0x000000001695a800 JavaThread "Signal Dispatcher" daemon [_thread_blocked, id=37964, stack(0x0000000017dc0000,0x0000000017ec0000)]
  0x0000000002fac800 JavaThread "Finalizer" daemon [_thread_blocked, id=44888, stack(0x0000000017bb0000,0x0000000017cb0000)]
  0x0000000016949800 JavaThread "Reference Handler" daemon [_thread_blocked, id=42408, stack(0x0000000017ab0000,0x0000000017bb0000)]
  0x0000000002fee800 JavaThread "main" [_thread_blocked, id=45456, stack(0x0000000002d90000,0x0000000002e90000)]

Other Threads:
  0x0000000016926000 VMThread [stack: 0x00000000179b0000,0x0000000017ab0000] [id=46112]
  0x00000000169bd800 WatcherThread [stack: 0x00000000187c0000,0x00000000188c0000] [id=47672]

VM state:not at safepoint (normal execution)

VM Mutex/Monitor currently owned by a thread: None

heap address: 0x00000000a0000000, size: 1536 MB, Compressed Oops mode: 32-bit
Narrow klass base: 0x0000000000000000, Narrow klass shift: 3
Compressed class space size: 1073741824 Address: 0x0000000100000000

Heap:
 PSYoungGen      total 370688K, used 214268K [0x00000000e0000000, 0x00000000f9c80000, 0x0000000100000000)
  eden space 325632K, 61% used [0x00000000e0000000,0x00000000ec3043d0,0x00000000f3e00000)
  from space 45056K, 32% used [0x00000000f3e00000,0x00000000f4c3ad88,0x00000000f6a00000)
  to   space 42496K, 0% used [0x00000000f7300000,0x00000000f7300000,0x00000000f9c80000)
 ParOldGen       total 225280K, used 145735K [0x00000000a0000000, 0x00000000adc00000, 0x00000000e0000000)
  object space 225280K, 64% used [0x00000000a0000000,0x00000000a8e51c70,0x00000000adc00000)
 Metaspace       used 106713K, capacity 111332K, committed 111424K, reserved 1144832K
  class space    used 14574K, capacity 15401K, committed 15448K, reserved 1048576K

Card table byte_map: [0x00000000123b0000,0x00000000126c0000] byte_map_base: 0x0000000011eb0000

Marking Bits: (ParMarkBitMap*) 0x0000000063929f30
 Begin Bits: [0x0000000012cc0000, 0x00000000144c0000)
 End Bits:   [0x00000000144c0000, 0x0000000015cc0000)

Polling page: 0x0000000000df0000

CodeCache: size=245760Kb used=61195Kb max_used=61195Kb free=184564Kb
 bounds [0x0000000002ff0000, 0x0000000006c10000, 0x0000000011ff0000]
 total_blobs=18713 nmethods=17778 adapters=845
 compilation: enabled

Compilation events (10 events):
Event: 2582.183 Thread 0x000000001696b000 22550       2       com.android.tools.r8.com.google.common.collect.AbstractMapBasedMultiset$1::next (5 bytes)
Event: 2582.184 Thread 0x000000001696b000 nmethod 22550 0x0000000004f6f850 code [0x0000000004f6f9c0, 0x0000000004f6fc28]
Event: 2582.184 Thread 0x000000001696b000 22551       2       com.android.tools.r8.com.google.common.collect.AbstractMapBasedMultiset$1$1::<init> (15 bytes)
Event: 2582.184 Thread 0x000000001696b000 nmethod 22551 0x0000000004f6f510 code [0x0000000004f6f660, 0x0000000004f6f7d0]
Event: 2582.184 Thread 0x000000001696b000 22552       2       com.android.tools.r8.com.google.common.collect.Multisets$ImmutableEntry::<init> (22 bytes)
Event: 2582.184 Thread 0x000000001696b000 nmethod 22552 0x0000000004f6f150 code [0x0000000004f6f2c0, 0x0000000004f6f468]
Event: 2582.186 Thread 0x000000001696b000 22553       2       com.android.tools.r8.ir.regalloc.LiveIntervals::isNewStringInstanceDisallowingSpilling (45 bytes)
Event: 2582.187 Thread 0x000000001696b000 nmethod 22553 0x0000000004f6ecd0 code [0x0000000004f6ee40, 0x0000000004f6f038]
Event: 2582.189 Thread 0x000000001696b000 22554       1       com.android.tools.r8.it.unimi.dsi.fastutil.ints.IntArrayList::size (5 bytes)
Event: 2582.189 Thread 0x000000001696b000 nmethod 22554 0x0000000006bd8390 code [0x0000000006bd84e0, 0x0000000006bd85f0]

GC Heap History (10 events):
Event: 876.010 GC heap before
{Heap before GC invocations=27 (full 4):
 PSYoungGen      total 320512K, used 293821K [0x00000000e0000000, 0x00000000fad00000, 0x0000000100000000)
  eden space 285184K, 100% used [0x00000000e0000000,0x00000000f1680000,0x00000000f1680000)
  from space 35328K, 24% used [0x00000000f4a00000,0x00000000f526f448,0x00000000f6c80000)
  to   space 52736K, 0% used [0x00000000f1680000,0x00000000f1680000,0x00000000f4a00000)
 ParOldGen       total 225280K, used 145695K [0x00000000a0000000, 0x00000000adc00000, 0x00000000e0000000)
  object space 225280K, 64% used [0x00000000a0000000,0x00000000a8e47c70,0x00000000adc00000)
 Metaspace       used 103632K, capacity 107510K, committed 107712K, reserved 1142784K
  class space    used 14269K, capacity 15032K, committed 15064K, reserved 1048576K
Event: 876.039 GC heap after
Heap after GC invocations=27 (full 4):
 PSYoungGen      total 337920K, used 10535K [0x00000000e0000000, 0x00000000f9a00000, 0x0000000100000000)
  eden space 285184K, 0% used [0x00000000e0000000,0x00000000e0000000,0x00000000f1680000)
  from space 52736K, 19% used [0x00000000f1680000,0x00000000f20c9fa8,0x00000000f4a00000)
  to   space 51200K, 0% used [0x00000000f6800000,0x00000000f6800000,0x00000000f9a00000)
 ParOldGen       total 225280K, used 145703K [0x00000000a0000000, 0x00000000adc00000, 0x00000000e0000000)
  object space 225280K, 64% used [0x00000000a0000000,0x00000000a8e49c70,0x00000000adc00000)
 Metaspace       used 103632K, capacity 107510K, committed 107712K, reserved 1142784K
  class space    used 14269K, capacity 15032K, committed 15064K, reserved 1048576K
}
Event: 948.823 GC heap before
{Heap before GC invocations=28 (full 4):
 PSYoungGen      total 337920K, used 295719K [0x00000000e0000000, 0x00000000f9a00000, 0x0000000100000000)
  eden space 285184K, 100% used [0x00000000e0000000,0x00000000f1680000,0x00000000f1680000)
  from space 52736K, 19% used [0x00000000f1680000,0x00000000f20c9fa8,0x00000000f4a00000)
  to   space 51200K, 0% used [0x00000000f6800000,0x00000000f6800000,0x00000000f9a00000)
 ParOldGen       total 225280K, used 145703K [0x00000000a0000000, 0x00000000adc00000, 0x00000000e0000000)
  object space 225280K, 64% used [0x00000000a0000000,0x00000000a8e49c70,0x00000000adc00000)
 Metaspace       used 103719K, capacity 107598K, committed 107712K, reserved 1142784K
  class space    used 14271K, capacity 15034K, committed 15064K, reserved 1048576K
Event: 948.873 GC heap after
Heap after GC invocations=28 (full 4):
 PSYoungGen      total 354304K, used 10493K [0x00000000e0000000, 0x00000000f9180000, 0x0000000100000000)
  eden space 311808K, 0% used [0x00000000e0000000,0x00000000e0000000,0x00000000f3080000)
  from space 42496K, 24% used [0x00000000f6800000,0x00000000f723f538,0x00000000f9180000)
  to   space 49664K, 0% used [0x00000000f3080000,0x00000000f3080000,0x00000000f6100000)
 ParOldGen       total 225280K, used 145711K [0x00000000a0000000, 0x00000000adc00000, 0x00000000e0000000)
  object space 225280K, 64% used [0x00000000a0000000,0x00000000a8e4bc70,0x00000000adc00000)
 Metaspace       used 103719K, capacity 107598K, committed 107712K, reserved 1142784K
  class space    used 14271K, capacity 15034K, committed 15064K, reserved 1048576K
}
Event: 1238.778 GC heap before
{Heap before GC invocations=29 (full 4):
 PSYoungGen      total 354304K, used 322301K [0x00000000e0000000, 0x00000000f9180000, 0x0000000100000000)
  eden space 311808K, 100% used [0x00000000e0000000,0x00000000f3080000,0x00000000f3080000)
  from space 42496K, 24% used [0x00000000f6800000,0x00000000f723f538,0x00000000f9180000)
  to   space 49664K, 0% used [0x00000000f3080000,0x00000000f3080000,0x00000000f6100000)
 ParOldGen       total 225280K, used 145711K [0x00000000a0000000, 0x00000000adc00000, 0x00000000e0000000)
  object space 225280K, 64% used [0x00000000a0000000,0x00000000a8e4bc70,0x00000000adc00000)
 Metaspace       used 105721K, capacity 109702K, committed 110016K, reserved 1144832K
  class space    used 14470K, capacity 15218K, committed 15320K, reserved 1048576K
Event: 1238.809 GC heap after
Heap after GC invocations=29 (full 4):
 PSYoungGen      total 361472K, used 16006K [0x00000000e0000000, 0x00000000f9d80000, 0x0000000100000000)
  eden space 311808K, 0% used [0x00000000e0000000,0x00000000e0000000,0x00000000f3080000)
  from space 49664K, 32% used [0x00000000f3080000,0x00000000f4021aa0,0x00000000f6100000)
  to   space 47104K, 0% used [0x00000000f6f80000,0x00000000f6f80000,0x00000000f9d80000)
 ParOldGen       total 225280K, used 145719K [0x00000000a0000000, 0x00000000adc00000, 0x00000000e0000000)
  object space 225280K, 64% used [0x00000000a0000000,0x00000000a8e4dc70,0x00000000adc00000)
 Metaspace       used 105721K, capacity 109702K, committed 110016K, reserved 1144832K
  class space    used 14470K, capacity 15218K, committed 15320K, reserved 1048576K
}
Event: 2190.854 GC heap before
{Heap before GC invocations=30 (full 4):
 PSYoungGen      total 361472K, used 327814K [0x00000000e0000000, 0x00000000f9d80000, 0x0000000100000000)
  eden space 311808K, 100% used [0x00000000e0000000,0x00000000f3080000,0x00000000f3080000)
  from space 49664K, 32% used [0x00000000f3080000,0x00000000f4021aa0,0x00000000f6100000)
  to   space 47104K, 0% used [0x00000000f6f80000,0x00000000f6f80000,0x00000000f9d80000)
 ParOldGen       total 225280K, used 145719K [0x00000000a0000000, 0x00000000adc00000, 0x00000000e0000000)
  object space 225280K, 64% used [0x00000000a0000000,0x00000000a8e4dc70,0x00000000adc00000)
 Metaspace       used 106003K, capacity 110110K, committed 110272K, reserved 1144832K
  class space    used 14488K, capacity 15244K, committed 15320K, reserved 1048576K
Event: 2190.910 GC heap after
Heap after GC invocations=30 (full 4):
 PSYoungGen      total 365056K, used 13995K [0x00000000e0000000, 0x00000000f9600000, 0x0000000100000000)
  eden space 325632K, 0% used [0x00000000e0000000,0x00000000e0000000,0x00000000f3e00000)
  from space 39424K, 35% used [0x00000000f6f80000,0x00000000f7d2ac30,0x00000000f9600000)
  to   space 45056K, 0% used [0x00000000f3e00000,0x00000000f3e00000,0x00000000f6a00000)
 ParOldGen       total 225280K, used 145727K [0x00000000a0000000, 0x00000000adc00000, 0x00000000e0000000)
  object space 225280K, 64% used [0x00000000a0000000,0x00000000a8e4fc70,0x00000000adc00000)
 Metaspace       used 106003K, capacity 110110K, committed 110272K, reserved 1144832K
  class space    used 14488K, capacity 15244K, committed 15320K, reserved 1048576K
}
Event: 2566.858 GC heap before
{Heap before GC invocations=31 (full 4):
 PSYoungGen      total 365056K, used 339627K [0x00000000e0000000, 0x00000000f9600000, 0x0000000100000000)
  eden space 325632K, 100% used [0x00000000e0000000,0x00000000f3e00000,0x00000000f3e00000)
  from space 39424K, 35% used [0x00000000f6f80000,0x00000000f7d2ac30,0x00000000f9600000)
  to   space 45056K, 0% used [0x00000000f3e00000,0x00000000f3e00000,0x00000000f6a00000)
 ParOldGen       total 225280K, used 145727K [0x00000000a0000000, 0x00000000adc00000, 0x00000000e0000000)
  object space 225280K, 64% used [0x00000000a0000000,0x00000000a8e4fc70,0x00000000adc00000)
 Metaspace       used 106274K, capacity 110574K, committed 110784K, reserved 1144832K
  class space    used 14517K, capacity 15298K, committed 15320K, reserved 1048576K
Event: 2567.146 GC heap after
Heap after GC invocations=31 (full 4):
 PSYoungGen      total 370688K, used 14571K [0x00000000e0000000, 0x00000000f9c80000, 0x0000000100000000)
  eden space 325632K, 0% used [0x00000000e0000000,0x00000000e0000000,0x00000000f3e00000)
  from space 45056K, 32% used [0x00000000f3e00000,0x00000000f4c3ad88,0x00000000f6a00000)
  to   space 42496K, 0% used [0x00000000f7300000,0x00000000f7300000,0x00000000f9c80000)
 ParOldGen       total 225280K, used 145735K [0x00000000a0000000, 0x00000000adc00000, 0x00000000e0000000)
  object space 225280K, 64% used [0x00000000a0000000,0x00000000a8e51c70,0x00000000adc00000)
 Metaspace       used 106274K, capacity 110574K, committed 110784K, reserved 1144832K
  class space    used 14517K, capacity 15298K, committed 15320K, reserved 1048576K
}

Deoptimization events (10 events):
Event: 2191.134 Thread 0x0000000022f94000 Uncommon trap: reason=class_check action=maybe_recompile pc=0x0000000006221ac8 method=com.android.build.gradle.internal.transforms.DexArchiveBuilderTransform.lambda$launchProcessing$7(Ljava/nio/file/Path;Lcom/android/build/gradle/internal/transforms/DexAr
Event: 2191.984 Thread 0x0000000022f94000 Uncommon trap: reason=unstable_if action=reinterpret pc=0x000000000620b5f4 method=com.android.tools.r8.com.google.common.collect.ImmutableSet.construct(I[Ljava/lang/Object;)Lcom/android/tools/r8/com/google/common/collect/ImmutableSet; @ 201
Event: 2192.355 Thread 0x0000000022f94000 Uncommon trap: reason=unstable_if action=reinterpret pc=0x0000000003540fb0 method=com.android.tools.r8.it.unimi.dsi.fastutil.objects.Reference2IntLinkedOpenHashMap.put(Ljava/lang/Object;I)I @ 8
Event: 2193.916 Thread 0x000000001ca90800 Uncommon trap: reason=predicate action=maybe_recompile pc=0x0000000004319f04 method=java.util.TimSort.mergeHi(IIII)V @ 191
Event: 2193.916 Thread 0x000000001ca90800 Uncommon trap: reason=array_check action=maybe_recompile pc=0x0000000004171c14 method=java.util.TimSort.mergeLo(IIII)V @ 133
Event: 2193.916 Thread 0x000000001ca90800 Uncommon trap: reason=predicate action=maybe_recompile pc=0x0000000004171920 method=java.util.TimSort.mergeLo(IIII)V @ 153
Event: 2565.445 Thread 0x000000001ca96000 Uncommon trap: reason=predicate action=maybe_recompile pc=0x0000000003667db0 method=com.google.common.collect.RegularImmutableMap.fromEntryArray(I[Ljava/util/Map$Entry;)Lcom/google/common/collect/ImmutableMap; @ 62
Event: 2568.943 Thread 0x000000001ca96000 Uncommon trap: reason=array_check action=maybe_recompile pc=0x0000000006a29d58 method=java.util.ComparableTimSort.binarySort([Ljava/lang/Object;III)V @ 193
Event: 2569.024 Thread 0x000000001ca96000 Uncommon trap: reason=bimorphic action=maybe_recompile pc=0x00000000050eb378 method=org.gradle.api.internal.collections.CollectionFilter.filter(Ljava/lang/Object;)Ljava/lang/Object; @ 27
Event: 2569.121 Thread 0x000000001ca96000 Uncommon trap: reason=array_check action=maybe_recompile pc=0x0000000006a29d58 method=java.util.ComparableTimSort.binarySort([Ljava/lang/Object;III)V @ 193

Classes redefined (0 events):
No events

Internal exceptions (10 events):
Event: 2565.629 Thread 0x000000001ca96000 Exception <a 'sun/nio/fs/WindowsException'> (0x00000000f0d84a88) thrown at [D:\src\AOSP-openjdk-cygwin\jdk8u\hotspot\src\share\vm\prims\jni.cpp, line 710]
Event: 2565.629 Thread 0x000000001ca96000 Exception <a 'sun/nio/fs/WindowsException'> (0x00000000f0d859b0) thrown at [D:\src\AOSP-openjdk-cygwin\jdk8u\hotspot\src\share\vm\prims\jni.cpp, line 710]
Event: 2565.629 Thread 0x000000001ca96000 Exception <a 'sun/nio/fs/WindowsException'> (0x00000000f0d880c0) thrown at [D:\src\AOSP-openjdk-cygwin\jdk8u\hotspot\src\share\vm\prims\jni.cpp, line 710]
Event: 2565.629 Thread 0x000000001ca96000 Exception <a 'sun/nio/fs/WindowsException'> (0x00000000f0d89020) thrown at [D:\src\AOSP-openjdk-cygwin\jdk8u\hotspot\src\share\vm\prims\jni.cpp, line 710]
Event: 2569.171 Thread 0x00000000185a2800 Exception <a 'java/lang/InterruptedException'> (0x00000000e3a70660) thrown at [D:\src\AOSP-openjdk-cygwin\jdk8u\hotspot\src\share\vm\runtime\objectMonitor.cpp, line 1680]
Event: 2581.623 Thread 0x00000000185a7800 Exception <a 'sun/nio/fs/WindowsException'> (0x00000000ea3eb750) thrown at [D:\src\AOSP-openjdk-cygwin\jdk8u\hotspot\src\share\vm\prims\jni.cpp, line 710]
Event: 2581.635 Thread 0x000000001859d000 Exception <a 'sun/nio/fs/WindowsException'> (0x00000000ea5d37a0) thrown at [D:\src\AOSP-openjdk-cygwin\jdk8u\hotspot\src\share\vm\prims\jni.cpp, line 710]
Event: 2582.080 Thread 0x00000000185a7800 Exception <a 'sun/nio/fs/WindowsException'> (0x00000000eb68e040) thrown at [D:\src\AOSP-openjdk-cygwin\jdk8u\hotspot\src\share\vm\prims\jni.cpp, line 710]
Event: 2582.150 Thread 0x00000000185a7800 Exception <a 'sun/nio/fs/WindowsException'> (0x00000000eb694598) thrown at [D:\src\AOSP-openjdk-cygwin\jdk8u\hotspot\src\share\vm\prims\jni.cpp, line 710]
Event: 2582.178 Thread 0x00000000185a7800 Exception <a 'sun/nio/fs/WindowsException'> (0x00000000eb69a898) thrown at [D:\src\AOSP-openjdk-cygwin\jdk8u\hotspot\src\share\vm\prims\jni.cpp, line 710]

Events (10 events):
Event: 2582.084 Executing VM operation: BulkRevokeBias
Event: 2582.087 Executing VM operation: BulkRevokeBias done
Event: 2582.087 Thread 0x000000001859d000 DEOPT PACKING pc=0x0000000004a74e78 sp=0x000000002905d310
Event: 2582.087 Thread 0x000000001859d000 DEOPT UNPACKING pc=0x00000000030375d0 sp=0x000000002905d068 mode 0
Event: 2582.125 Executing VM operation: BulkRevokeBias
Event: 2582.127 Executing VM operation: BulkRevokeBias done
Event: 2582.128 Thread 0x000000001859d000 DEOPT PACKING pc=0x0000000004b459ac sp=0x000000002905dec0
Event: 2582.128 Thread 0x000000001859d000 DEOPT UNPACKING pc=0x00000000030375d0 sp=0x000000002905dc28 mode 0
Event: 2582.140 Thread 0x000000001859d000 DEOPT PACKING pc=0x0000000004b459ac sp=0x000000002905dec0
Event: 2582.140 Thread 0x000000001859d000 DEOPT UNPACKING pc=0x00000000030375d0 sp=0x000000002905dc28 mode 0


Dynamic libraries:
0x00007ff66f0a0000 - 0x00007ff66f0d1000 	C:\Program Files\Android\Android Studio\jre\bin\java.exe
0x00007ff8bd020000 - 0x00007ff8bd210000 	C:\WINDOWS\SYSTEM32\ntdll.dll
0x00007ff8bc3f0000 - 0x00007ff8bc4a2000 	C:\WINDOWS\System32\KERNEL32.DLL
0x00007ff8bab00000 - 0x00007ff8bada3000 	C:\WINDOWS\System32\KERNELBASE.dll
0x00007ff8bb240000 - 0x00007ff8bb2e3000 	C:\WINDOWS\System32\ADVAPI32.dll
0x00007ff8bc2a0000 - 0x00007ff8bc33e000 	C:\WINDOWS\System32\msvcrt.dll
0x00007ff8bc4b0000 - 0x00007ff8bc547000 	C:\WINDOWS\System32\sechost.dll
0x00007ff8bbed0000 - 0x00007ff8bbff0000 	C:\WINDOWS\System32\RPCRT4.dll
0x00007ff8bc010000 - 0x00007ff8bc1a3000 	C:\WINDOWS\System32\USER32.dll
0x00007ff8baad0000 - 0x00007ff8baaf1000 	C:\WINDOWS\System32\win32u.dll
0x00007ff8bb0d0000 - 0x00007ff8bb0f6000 	C:\WINDOWS\System32\GDI32.dll
0x00007ff8badb0000 - 0x00007ff8baf44000 	C:\WINDOWS\System32\gdi32full.dll
0x00007ff8bb030000 - 0x00007ff8bb0ce000 	C:\WINDOWS\System32\msvcp_win.dll
0x00007ff8ba250000 - 0x00007ff8ba34a000 	C:\WINDOWS\System32\ucrtbase.dll
0x00007ff8a9280000 - 0x00007ff8a9505000 	C:\WINDOWS\WinSxS\amd64_microsoft.windows.common-controls_6595b64144ccf1df_6.0.18362.10022_none_25aeebc2199250a3\COMCTL32.dll
0x00007ff8bbb20000 - 0x00007ff8bbe56000 	C:\WINDOWS\System32\combase.dll
0x00007ff8ba100000 - 0x00007ff8ba180000 	C:\WINDOWS\System32\bcryptPrimitives.dll
0x00007ff8bc1b0000 - 0x00007ff8bc1de000 	C:\WINDOWS\System32\IMM32.DLL
0x00000000643b0000 - 0x0000000064482000 	C:\Program Files\Android\Android Studio\jre\jre\bin\msvcr100.dll
0x0000000063160000 - 0x00000000639a6000 	C:\Program Files\Android\Android Studio\jre\jre\bin\server\jvm.dll
0x00007ff8bc290000 - 0x00007ff8bc298000 	C:\WINDOWS\System32\PSAPI.DLL
0x00007ff8ac970000 - 0x00007ff8ac979000 	C:\WINDOWS\SYSTEM32\WSOCK32.dll
0x00007ff8bbab0000 - 0x00007ff8bbb1f000 	C:\WINDOWS\System32\WS2_32.dll
0x00007ff8b0c60000 - 0x00007ff8b0c6a000 	C:\WINDOWS\SYSTEM32\VERSION.dll
0x00007ff8afc70000 - 0x00007ff8afc94000 	C:\WINDOWS\SYSTEM32\WINMM.dll
0x00007ff8afc40000 - 0x00007ff8afc6d000 	C:\WINDOWS\SYSTEM32\WINMMBASE.dll
0x00007ff8bafe0000 - 0x00007ff8bb02a000 	C:\WINDOWS\System32\cfgmgr32.dll
0x00007ff8af650000 - 0x00007ff8af65f000 	C:\Program Files\Android\Android Studio\jre\jre\bin\verify.dll
0x00007ff890120000 - 0x00007ff890149000 	C:\Program Files\Android\Android Studio\jre\jre\bin\java.dll
0x00007ff8aeef0000 - 0x00007ff8aef06000 	C:\Program Files\Android\Android Studio\jre\jre\bin\zip.dll
0x00007ff8bc550000 - 0x00007ff8bcc35000 	C:\WINDOWS\System32\SHELL32.dll
0x00007ff8bc1e0000 - 0x00007ff8bc289000 	C:\WINDOWS\System32\shcore.dll
0x00007ff8ba350000 - 0x00007ff8baace000 	C:\WINDOWS\System32\windows.storage.dll
0x00007ff8b9f50000 - 0x00007ff8b9f6f000 	C:\WINDOWS\System32\profapi.dll
0x00007ff8b9f00000 - 0x00007ff8b9f4a000 	C:\WINDOWS\System32\powrprof.dll
0x00007ff8b9ef0000 - 0x00007ff8b9f00000 	C:\WINDOWS\System32\UMPDC.dll
0x00007ff8bb960000 - 0x00007ff8bb9b2000 	C:\WINDOWS\System32\shlwapi.dll
0x00007ff8b9f70000 - 0x00007ff8b9f81000 	C:\WINDOWS\System32\kernel.appcore.dll
0x00007ff8ba230000 - 0x00007ff8ba247000 	C:\WINDOWS\System32\cryptsp.dll
0x00007ff895c70000 - 0x00007ff895c8a000 	C:\Program Files\Android\Android Studio\jre\jre\bin\net.dll
0x00007ff8b9700000 - 0x00007ff8b9767000 	C:\WINDOWS\system32\mswsock.dll
0x00007ff86bfe0000 - 0x00007ff86bff1000 	C:\Program Files\Android\Android Studio\jre\jre\bin\nio.dll
0x00007ff874460000 - 0x00007ff874486000 	C:\Users\Ir Christian Scott\.gradle\native\29\windows-amd64\native-platform.dll
0x00007ff8af640000 - 0x00007ff8af64d000 	C:\Program Files\Android\Android Studio\jre\jre\bin\management.dll
0x00007ff8b9270000 - 0x00007ff8b92a3000 	C:\WINDOWS\system32\rsaenh.dll
0x00007ff8bafb0000 - 0x00007ff8bafd6000 	C:\WINDOWS\System32\bcrypt.dll
0x00007ff8b9de0000 - 0x00007ff8b9e05000 	C:\WINDOWS\SYSTEM32\USERENV.dll
0x00007ff8b98d0000 - 0x00007ff8b98dc000 	C:\WINDOWS\SYSTEM32\CRYPTBASE.dll
0x00007ff8b9410000 - 0x00007ff8b944a000 	C:\WINDOWS\SYSTEM32\IPHLPAPI.DLL
0x00007ff8bcf50000 - 0x00007ff8bcf58000 	C:\WINDOWS\System32\NSI.dll
0x00007ff8b24c0000 - 0x00007ff8b24d6000 	C:\WINDOWS\SYSTEM32\dhcpcsvc6.DLL
0x00007ff8b1fa0000 - 0x00007ff8b1fbc000 	C:\WINDOWS\SYSTEM32\dhcpcsvc.DLL
0x00007ff8b9450000 - 0x00007ff8b951a000 	C:\WINDOWS\SYSTEM32\DNSAPI.dll

VM Arguments:
jvm_args: -Xmx1536m -Dfile.encoding=windows-1252 -Duser.country=US -Duser.language=en -Duser.variant 
java_command: org.gradle.launcher.daemon.bootstrap.GradleDaemon 5.4.1
java_class_path (initial): C:\Users\Ir Christian Scott\.gradle\wrapper\dists\gradle-5.4.1-all\3221gyojl5jsh0helicew7rwx\gradle-5.4.1\lib\gradle-launcher-5.4.1.jar
Launcher Type: SUN_STANDARD

Environment Variables:
PATH=C:\Python27\;C:\Python27\Scripts;C:\Program Files (x86)\Common Files\Oracle\Java\javapath;C:\WINDOWS\system32;C:\WINDOWS;C:\WINDOWS\System32\Wbem;C:\WINDOWS\System32\WindowsPowerShell\v1.0\;C:\WINDOWS\System32\OpenSSH\;C:\Program Files\Git\cmd;C:\Program Files\nodejs\;C:\Ruby DevKit\bin;C:\Ruby23-x64\bin;C:\xampp\php;C:\Program Files\PuTTY\;C:\Program Files\Heroku\bin;C:\Android\Sdk\emulator;C:\Ruby DevKit;C:\flutter\bin;C:\Go\bin;C:\composer;C:\Program Files (x86)\Tesseract-OCR;C:\Users\Ir Christian Scott\AppData\Local\Programs\Python\Python37\Scripts\;C:\Users\Ir Christian Scott\AppData\Local\Programs\Python\Python37\;C:\Ruby23-x64\bin;C:\Users\Ir Christian Scott\AppData\Local\Microsoft\WindowsApps;C:\Users\Ir Christian Scott\AppData\Local\Programs\Microsoft VS Code\bin;C:\Users\Ir Christian Scott\AppData\Roaming\npm;C:\xampp\php;C:\Program Files\Heroku\bin;C:\Android\Sdk\emulator;C:\Ruby DevKit;C:\Ruby DevKit\bin;C:\flutter\bin;C:\Users\Ir Christian Scott\go\bin;C:\Go\bin;C:\Users\Ir Christian Scott\AppData\Roaming\Composer\vendor\bin;C:\composer;C:\Program Files (x86)\Tesseract-OCR;
USERNAME=Ir Christian Scott
OS=Windows_NT
PROCESSOR_IDENTIFIER=Intel64 Family 6 Model 78 Stepping 3, GenuineIntel



---------------  S Y S T E M  ---------------

OS: Windows 10.0 , 64 bit Build 18362 (10.0.18362.10022)

CPU:total 4 (initial active 4) (2 cores per cpu, 2 threads per core) family 6 model 78 stepping 3, cmov, cx8, fxsr, mmx, sse, sse2, sse3, ssse3, sse4.1, sse4.2, popcnt, avx, avx2, aes, clmul, erms, rtm, 3dnowpref, lzcnt, ht, tsc, tscinvbit, bmi1, bmi2, adx

Memory: 4k page, physical 7785636k(754436k free), swap 16051684k(4448k free)

vm_info: OpenJDK 64-Bit Server VM (25.202-b03) for windows-amd64 JRE (1.8.0_202-release-1483-b03), built by "builder" with MS VC++ 10.0 (VS2010)

time: Fri Oct 18 13:48:14 2019
timezone: E. Africa Standard Time
elapsed time: 2582 seconds (0d 0h 43m 2s)

