#
# There is insufficient memory for the Java Runtime Environment to continue.
# Native memory allocation (malloc) failed to allocate 1114496 bytes for Chunk::new
# Possible reasons:
#   The system is out of physical RAM or swap space
#   The process is running with CompressedOops enabled, and the Java Heap may be blocking the growth of the native heap
# Possible solutions:
#   Reduce memory load on the system
#   Increase physical memory or swap space
#   Check if swap backing store is full
#   Decrease Java heap size (-Xmx/-Xms)
#   Decrease number of Java threads
#   Decrease Java thread stack sizes (-Xss)
#   Set larger code cache with -XX:ReservedCodeCacheSize=
#   JVM is running with Unscaled Compressed Oops mode in which the Java heap is
#     placed in the first 4GB address space. The Java Heap base address is the
#     maximum limit for the native heap growth. Please use -XX:HeapBaseMinAddress
#     to set the Java Heap base and to place the Java Heap above 4GB virtual address.
# This output file may be truncated or incomplete.
#
#  Out of Memory Error (allocation.cpp:389), pid=41352, tid=0x000000000000abf4
#
# JRE version: OpenJDK Runtime Environment (8.0_202-b03) (build 1.8.0_202-release-1483-b03)
# Java VM: OpenJDK 64-Bit Server VM (25.202-b03 mixed mode windows-amd64 compressed oops)
# Failed to write core dump. Minidumps are not enabled by default on client versions of Windows
#

---------------  T H R E A D  ---------------

Current thread (0x0000000016341800):  JavaThread "C2 CompilerThread0" daemon [_thread_in_native, id=44020, stack(0x00000000179a0000,0x0000000017aa0000)]

Stack: [0x00000000179a0000,0x0000000017aa0000]
[error occurred during error reporting (printing stack bounds), id 0xc0000005]

Native frames: (J=compiled Java code, j=interpreted, Vv=VM code, C=native code)


Current CompileTask:
C2:1076559 21352   !   4       java.nio.file.FileTreeWalker::next (144 bytes)


---------------  P R O C E S S  ---------------

Java Threads: ( => current thread )
  0x000000001dfd9800 JavaThread "Cache worker for execution history cache (C:\Users\Ir Christian Scott\Desktop\Projects\Ting\tingapp\.gradle\5.4.1\executionHistory)" [_thread_blocked, id=48116, stack(0x00000000249b0000,0x0000000024ab0000)]
  0x000000001dfd1000 JavaThread "Execution worker for ':' Thread 3" [_thread_blocked, id=48112, stack(0x00000000248b0000,0x00000000249b0000)]
  0x000000001dfd0800 JavaThread "Execution worker for ':' Thread 2" [_thread_in_native, id=48108, stack(0x00000000247b0000,0x00000000248b0000)]
  0x000000001dfd4000 JavaThread "Execution worker for ':'" [_thread_blocked, id=48104, stack(0x00000000246b0000,0x00000000247b0000)]
  0x000000001dfd2000 JavaThread "Cache worker for file content cache (C:\Users\Ir Christian Scott\Desktop\Projects\Ting\tingapp\.gradle\5.4.1\fileContent)" [_thread_blocked, id=48100, stack(0x00000000245b0000,0x00000000246b0000)]
  0x00000000211fb800 JavaThread "Cache worker for Build Output Cleanup Cache (C:\Users\Ir Christian Scott\Desktop\Projects\Ting\tingapp\.gradle\buildOutputCleanup)" [_thread_blocked, id=48092, stack(0x00000000225c0000,0x00000000226c0000)]
  0x00000000211fd000 JavaThread "Build operations Thread 4" [_thread_blocked, id=48088, stack(0x0000000020c80000,0x0000000020d80000)]
  0x00000000211fa800 JavaThread "Build operations Thread 3" [_thread_blocked, id=48084, stack(0x0000000020930000,0x0000000020a30000)]
  0x00000000211f2800 JavaThread "Build operations Thread 2" [_thread_blocked, id=48080, stack(0x0000000020130000,0x0000000020230000)]
  0x00000000211f9000 JavaThread "Build operations" [_thread_blocked, id=48076, stack(0x000000001ea60000,0x000000001eb60000)]
  0x00000000211f1800 JavaThread "Cache worker for cache directory md-rule (C:\Users\Ir Christian Scott\.gradle\caches\5.4.1\md-rule)" [_thread_blocked, id=48072, stack(0x000000001e960000,0x000000001ea60000)]
  0x00000000211f8800 JavaThread "Cache worker for cache directory md-supplier (C:\Users\Ir Christian Scott\.gradle\caches\5.4.1\md-supplier)" [_thread_blocked, id=48068, stack(0x000000001e860000,0x000000001e960000)]
  0x00000000211f7800 JavaThread "Cache worker for file hash cache (C:\Users\Ir Christian Scott\Desktop\Projects\Ting\tingapp\.gradle\5.4.1\fileHashes)" [_thread_blocked, id=48064, stack(0x000000001a9f0000,0x000000001aaf0000)]
  0x00000000211f0000 JavaThread "Thread-101" [_thread_blocked, id=48060, stack(0x000000001a8f0000,0x000000001a9f0000)]
  0x00000000211f4800 JavaThread "Asynchronous log dispatcher for DefaultDaemonConnection: socket connection from /127.0.0.1:51411 to /127.0.0.1:51584" [_thread_blocked, id=48052, stack(0x000000001a3f0000,0x000000001a4f0000)]
  0x00000000211ee800 JavaThread "Cancel handler" [_thread_blocked, id=48040, stack(0x0000000000d50000,0x0000000000e50000)]
  0x00000000211f5800 JavaThread "Handler for socket connection from /127.0.0.1:51411 to /127.0.0.1:51584" [_thread_in_native, id=48036, stack(0x0000000000b50000,0x0000000000c50000)]
  0x00000000211f4000 JavaThread "RMI TCP Connection(8)-127.0.0.1" daemon [_thread_in_native, id=47212, stack(0x0000000024cb0000,0x0000000024db0000)]
  0x000000001dfdc800 JavaThread "RMI RenewClean-[127.0.0.1:17941,org.jetbrains.kotlin.daemon.common.LoopbackNetworkInterface$ClientLoopbackSocketFactory@70f13df4]" daemon [_thread_blocked, id=47200, stack(0x0000000024bb0000,0x0000000024cb0000)]
  0x000000001c4c2000 JavaThread "Daemon worker Thread 4" [_thread_in_vm, id=44696, stack(0x000000001a4f0000,0x000000001a5f0000)]
  0x000000001c4bf000 JavaThread "Daemon Thread 4" [_thread_blocked, id=45732, stack(0x0000000000c50000,0x0000000000d50000)]
  0x00000000196af800 JavaThread "RMI Reaper" [_thread_blocked, id=44912, stack(0x00000000253b0000,0x00000000254b0000)]
  0x000000001c4c9800 JavaThread "RMI TCP Accept-0" daemon [_thread_in_native, id=46384, stack(0x00000000252b0000,0x00000000253b0000)]
  0x000000001c4c8000 JavaThread "GC Daemon" daemon [_thread_blocked, id=45820, stack(0x00000000251b0000,0x00000000252b0000)]
  0x000000001c4bb000 JavaThread "RMI Scheduler(0)" daemon [_thread_blocked, id=44188, stack(0x0000000024fb0000,0x00000000250b0000)]
  0x000000001dfde000 JavaThread "Cache worker for file content cache (C:\Users\Ir Christian Scott\.gradle\caches\5.4.1\fileContent)" [_thread_blocked, id=46752, stack(0x00000000237f0000,0x00000000238f0000)]
  0x000000001c4c5000 JavaThread "Memory manager" [_thread_blocked, id=31788, stack(0x00000000226c0000,0x00000000227c0000)]
  0x000000001c4be000 JavaThread "Cache worker for execution history cache (C:\Users\Ir Christian Scott\.gradle\caches\5.4.1\executionHistory)" [_thread_blocked, id=28548, stack(0x0000000020230000,0x0000000020330000)]
  0x00000000196b1000 JavaThread "Cache worker for journal cache (C:\Users\Ir Christian Scott\.gradle\caches\journal-1)" [_thread_blocked, id=42524, stack(0x000000001aef0000,0x000000001aff0000)]
  0x00000000196b4800 JavaThread "File lock request listener" [_thread_in_native, id=31012, stack(0x000000001adf0000,0x000000001aef0000)]
  0x00000000196b4000 JavaThread "Cache worker for file hash cache (C:\Users\Ir Christian Scott\.gradle\caches\5.4.1\fileHashes)" [_thread_blocked, id=41576, stack(0x000000001acf0000,0x000000001adf0000)]
  0x00000000188f3800 JavaThread "Daemon periodic checks" [_thread_blocked, id=44204, stack(0x000000001a2f0000,0x000000001a3f0000)]
  0x0000000017d31800 JavaThread "Incoming local TCP Connector on port 51411" [_thread_in_native, id=43452, stack(0x000000001a0b0000,0x000000001a1b0000)]
  0x0000000017f68000 JavaThread "Daemon health stats" [_thread_blocked, id=45748, stack(0x0000000019a70000,0x0000000019b70000)]
  0x0000000017cc0800 JavaThread "Service Thread" daemon [_thread_blocked, id=44264, stack(0x00000000180a0000,0x00000000181a0000)]
  0x000000001634a800 JavaThread "C1 CompilerThread2" daemon [_thread_blocked, id=35716, stack(0x0000000017ba0000,0x0000000017ca0000)]
  0x0000000016346000 JavaThread "C2 CompilerThread1" daemon [_thread_blocked, id=44536, stack(0x0000000017aa0000,0x0000000017ba0000)]
=>0x0000000016341800 JavaThread "C2 CompilerThread0" daemon [_thread_in_native, id=44020, stack(0x00000000179a0000,0x0000000017aa0000)]
  0x000000001633a800 JavaThread "Attach Listener" daemon [_thread_blocked, id=34844, stack(0x00000000178a0000,0x00000000179a0000)]
  0x0000000016339800 JavaThread "Signal Dispatcher" daemon [_thread_blocked, id=45344, stack(0x00000000177a0000,0x00000000178a0000)]
  0x00000000029cb000 JavaThread "Finalizer" daemon [_thread_blocked, id=44504, stack(0x00000000175a0000,0x00000000176a0000)]
  0x0000000016329000 JavaThread "Reference Handler" daemon [_thread_blocked, id=40888, stack(0x00000000174a0000,0x00000000175a0000)]
  0x000000000270e800 JavaThread "main" [_thread_blocked, id=44916, stack(0x00000000027d0000,0x00000000028d0000)]

Other Threads:
  0x0000000016306000 VMThread [stack: 0x00000000173a0000,0x00000000174a0000] [id=35856]
  0x000000001639d800 WatcherThread [stack: 0x00000000181a0000,0x00000000182a0000] [id=44312]

VM state:not at safepoint (normal execution)

VM Mutex/Monitor currently owned by a thread: None

heap address: 0x00000000a0000000, size: 1536 MB, Compressed Oops mode: 32-bit
Narrow klass base: 0x0000000000000000, Narrow klass shift: 3
Compressed class space size: 1073741824 Address: 0x0000000100000000

Heap:
 PSYoungGen      total 336896K, used 201728K [0x00000000e0000000, 0x00000000f9880000, 0x0000000100000000)
  eden space 294912K, 54% used [0x00000000e0000000,0x00000000e9c05658,0x00000000f2000000)
  from space 41984K, 99% used [0x00000000f5600000,0x00000000f7eface0,0x00000000f7f00000)
  to   space 55296K, 0% used [0x00000000f2000000,0x00000000f2000000,0x00000000f5600000)
 ParOldGen       total 230400K, used 119397K [0x00000000a0000000, 0x00000000ae100000, 0x00000000e0000000)
  object space 230400K, 51% used [0x00000000a0000000,0x00000000a7499540,0x00000000ae100000)
 Metaspace       used 112841K, capacity 117762K, committed 118144K, reserved 1150976K
  class space    used 15489K, capacity 16458K, committed 16512K, reserved 1048576K

Card table byte_map: [0x0000000011d90000,0x00000000120a0000] byte_map_base: 0x0000000011890000

Marking Bits: (ParMarkBitMap*) 0x0000000063929f30
 Begin Bits: [0x00000000126a0000, 0x0000000013ea0000)
 End Bits:   [0x0000000013ea0000, 0x00000000156a0000)

Polling page: 0x0000000000a20000

CodeCache: size=245760Kb used=60934Kb max_used=60952Kb free=184825Kb
 bounds [0x00000000029d0000, 0x00000000065b0000, 0x00000000119d0000]
 total_blobs=18529 nmethods=17580 adapters=861
 compilation: enabled

Compilation events (10 events):
Event: 1076.548 Thread 0x000000001634a800 21375       3       com.google.wireless.android.sdk.stats.GarbageCollectionStats::<init> (6 bytes)
Event: 1076.549 Thread 0x000000001634a800 nmethod 21375 0x00000000065916d0 code [0x0000000006591860, 0x0000000006591c50]
Event: 1076.549 Thread 0x000000001634a800 21376       3       com.google.wireless.android.sdk.stats.GarbageCollectionStats::access$402 (7 bytes)
Event: 1076.549 Thread 0x000000001634a800 nmethod 21376 0x0000000006591390 code [0x00000000065914e0, 0x0000000006591630]
Event: 1076.549 Thread 0x000000001634a800 21377       3       com.google.wireless.android.sdk.stats.GarbageCollectionStats::access$502 (7 bytes)
Event: 1076.549 Thread 0x000000001634a800 nmethod 21377 0x0000000006591050 code [0x00000000065911a0, 0x00000000065912d0]
Event: 1076.549 Thread 0x000000001634a800 21378       3       com.google.wireless.android.sdk.stats.GarbageCollectionStats::access$602 (7 bytes)
Event: 1076.550 Thread 0x000000001634a800 nmethod 21378 0x0000000006590d10 code [0x0000000006590e60, 0x0000000006590f90]
Event: 1076.550 Thread 0x000000001634a800 21379       3       com.google.wireless.android.sdk.stats.GarbageCollectionStats::access$702 (7 bytes)
Event: 1076.550 Thread 0x000000001634a800 nmethod 21379 0x00000000065909d0 code [0x0000000006590b20, 0x0000000006590c50]

GC Heap History (10 events):
Event: 168.896 GC heap before
{Heap before GC invocations=30 (full 4):
 PSYoungGen      total 270848K, used 220958K [0x00000000e0000000, 0x00000000f5780000, 0x0000000100000000)
  eden space 221184K, 99% used [0x00000000e0000000,0x00000000ed7c7b18,0x00000000ed800000)
  from space 49664K, 0% used [0x00000000ed800000,0x00000000ed800000,0x00000000f0880000)
  to   space 48640K, 0% used [0x00000000f2800000,0x00000000f2800000,0x00000000f5780000)
 ParOldGen       total 230400K, used 101502K [0x00000000a0000000, 0x00000000ae100000, 0x00000000e0000000)
  object space 230400K, 44% used [0x00000000a0000000,0x00000000a631fb00,0x00000000ae100000)
 Metaspace       used 93124K, capacity 97464K, committed 97536K, reserved 1134592K
  class space    used 12130K, capacity 13012K, committed 13056K, reserved 1048576K
Event: 168.901 GC heap after
Heap after GC invocations=30 (full 4):
 PSYoungGen      total 303104K, used 3850K [0x00000000e0000000, 0x00000000f5780000, 0x0000000100000000)
  eden space 254464K, 0% used [0x00000000e0000000,0x00000000e0000000,0x00000000ef880000)
  from space 48640K, 7% used [0x00000000f2800000,0x00000000f2bc2a08,0x00000000f5780000)
  to   space 48640K, 0% used [0x00000000ef880000,0x00000000ef880000,0x00000000f2800000)
 ParOldGen       total 230400K, used 101510K [0x00000000a0000000, 0x00000000ae100000, 0x00000000e0000000)
  object space 230400K, 44% used [0x00000000a0000000,0x00000000a6321b00,0x00000000ae100000)
 Metaspace       used 93124K, capacity 97464K, committed 97536K, reserved 1134592K
  class space    used 12130K, capacity 13012K, committed 13056K, reserved 1048576K
}
Event: 519.162 GC heap before
{Heap before GC invocations=31 (full 4):
 PSYoungGen      total 303104K, used 258314K [0x00000000e0000000, 0x00000000f5780000, 0x0000000100000000)
  eden space 254464K, 100% used [0x00000000e0000000,0x00000000ef880000,0x00000000ef880000)
  from space 48640K, 7% used [0x00000000f2800000,0x00000000f2bc2a08,0x00000000f5780000)
  to   space 48640K, 0% used [0x00000000ef880000,0x00000000ef880000,0x00000000f2800000)
 ParOldGen       total 230400K, used 101510K [0x00000000a0000000, 0x00000000ae100000, 0x00000000e0000000)
  object space 230400K, 44% used [0x00000000a0000000,0x00000000a6321b00,0x00000000ae100000)
 Metaspace       used 94891K, capacity 99352K, committed 99584K, reserved 1136640K
  class space    used 12329K, capacity 13216K, committed 13312K, reserved 1048576K
Event: 519.248 GC heap after
Heap after GC invocations=31 (full 4):
 PSYoungGen      total 303104K, used 18828K [0x00000000e0000000, 0x00000000f7200000, 0x0000000100000000)
  eden space 254464K, 0% used [0x00000000e0000000,0x00000000e0000000,0x00000000ef880000)
  from space 48640K, 38% used [0x00000000ef880000,0x00000000f0ae3218,0x00000000f2800000)
  to   space 45568K, 0% used [0x00000000f4580000,0x00000000f4580000,0x00000000f7200000)
 ParOldGen       total 230400K, used 101518K [0x00000000a0000000, 0x00000000ae100000, 0x00000000e0000000)
  object space 230400K, 44% used [0x00000000a0000000,0x00000000a6323b00,0x00000000ae100000)
 Metaspace       used 94891K, capacity 99352K, committed 99584K, reserved 1136640K
  class space    used 12329K, capacity 13216K, committed 13312K, reserved 1048576K
}
Event: 976.047 GC heap before
{Heap before GC invocations=32 (full 4):
 PSYoungGen      total 303104K, used 273292K [0x00000000e0000000, 0x00000000f7200000, 0x0000000100000000)
  eden space 254464K, 100% used [0x00000000e0000000,0x00000000ef880000,0x00000000ef880000)
  from space 48640K, 38% used [0x00000000ef880000,0x00000000f0ae3218,0x00000000f2800000)
  to   space 45568K, 0% used [0x00000000f4580000,0x00000000f4580000,0x00000000f7200000)
 ParOldGen       total 230400K, used 101518K [0x00000000a0000000, 0x00000000ae100000, 0x00000000e0000000)
  object space 230400K, 44% used [0x00000000a0000000,0x00000000a6323b00,0x00000000ae100000)
 Metaspace       used 95416K, capacity 99992K, committed 100096K, reserved 1136640K
  class space    used 12353K, capacity 13242K, committed 13312K, reserved 1048576K
Event: 976.079 GC heap after
Heap after GC invocations=32 (full 4):
 PSYoungGen      total 320000K, used 13641K [0x00000000e0000000, 0x00000000f6a00000, 0x0000000100000000)
  eden space 282624K, 0% used [0x00000000e0000000,0x00000000e0000000,0x00000000f1400000)
  from space 37376K, 36% used [0x00000000f4580000,0x00000000f52d24c0,0x00000000f6a00000)
  to   space 44032K, 0% used [0x00000000f1400000,0x00000000f1400000,0x00000000f3f00000)
 ParOldGen       total 230400K, used 101518K [0x00000000a0000000, 0x00000000ae100000, 0x00000000e0000000)
  object space 230400K, 44% used [0x00000000a0000000,0x00000000a6323b00,0x00000000ae100000)
 Metaspace       used 95416K, capacity 99992K, committed 100096K, reserved 1136640K
  class space    used 12353K, capacity 13242K, committed 13312K, reserved 1048576K
}
Event: 1063.824 GC heap before
{Heap before GC invocations=33 (full 4):
 PSYoungGen      total 320000K, used 296265K [0x00000000e0000000, 0x00000000f6a00000, 0x0000000100000000)
  eden space 282624K, 100% used [0x00000000e0000000,0x00000000f1400000,0x00000000f1400000)
  from space 37376K, 36% used [0x00000000f4580000,0x00000000f52d24c0,0x00000000f6a00000)
  to   space 44032K, 0% used [0x00000000f1400000,0x00000000f1400000,0x00000000f3f00000)
 ParOldGen       total 230400K, used 101518K [0x00000000a0000000, 0x00000000ae100000, 0x00000000e0000000)
  object space 230400K, 44% used [0x00000000a0000000,0x00000000a6323b00,0x00000000ae100000)
 Metaspace       used 96233K, capacity 101000K, committed 101248K, reserved 1136640K
  class space    used 12431K, capacity 13368K, committed 13440K, reserved 1048576K
Event: 1063.850 GC heap after
Heap after GC invocations=33 (full 4):
 PSYoungGen      total 326656K, used 15078K [0x00000000e0000000, 0x00000000f7f00000, 0x0000000100000000)
  eden space 282624K, 0% used [0x00000000e0000000,0x00000000e0000000,0x00000000f1400000)
  from space 44032K, 34% used [0x00000000f1400000,0x00000000f22b9898,0x00000000f3f00000)
  to   space 41984K, 0% used [0x00000000f5600000,0x00000000f5600000,0x00000000f7f00000)
 ParOldGen       total 230400K, used 101526K [0x00000000a0000000, 0x00000000ae100000, 0x00000000e0000000)
  object space 230400K, 44% used [0x00000000a0000000,0x00000000a6325b00,0x00000000ae100000)
 Metaspace       used 96233K, capacity 101000K, committed 101248K, reserved 1136640K
  class space    used 12431K, capacity 13368K, committed 13440K, reserved 1048576K
}
Event: 1072.072 GC heap before
{Heap before GC invocations=34 (full 4):
 PSYoungGen      total 326656K, used 297702K [0x00000000e0000000, 0x00000000f7f00000, 0x0000000100000000)
  eden space 282624K, 100% used [0x00000000e0000000,0x00000000f1400000,0x00000000f1400000)
  from space 44032K, 34% used [0x00000000f1400000,0x00000000f22b9898,0x00000000f3f00000)
  to   space 41984K, 0% used [0x00000000f5600000,0x00000000f5600000,0x00000000f7f00000)
 ParOldGen       total 230400K, used 101526K [0x00000000a0000000, 0x00000000ae100000, 0x00000000e0000000)
  object space 230400K, 44% used [0x00000000a0000000,0x00000000a6325b00,0x00000000ae100000)
 Metaspace       used 111361K, capacity 116368K, committed 116736K, reserved 1148928K
  class space    used 15382K, capacity 16359K, committed 16384K, reserved 1048576K
Event: 1072.129 GC heap after
Heap after GC invocations=34 (full 4):
 PSYoungGen      total 336896K, used 41963K [0x00000000e0000000, 0x00000000f9880000, 0x0000000100000000)
  eden space 294912K, 0% used [0x00000000e0000000,0x00000000e0000000,0x00000000f2000000)
  from space 41984K, 99% used [0x00000000f5600000,0x00000000f7eface0,0x00000000f7f00000)
  to   space 55296K, 0% used [0x00000000f2000000,0x00000000f2000000,0x00000000f5600000)
 ParOldGen       total 230400K, used 119397K [0x00000000a0000000, 0x00000000ae100000, 0x00000000e0000000)
  object space 230400K, 51% used [0x00000000a0000000,0x00000000a7499540,0x00000000ae100000)
 Metaspace       used 111361K, capacity 116368K, committed 116736K, reserved 1148928K
  class space    used 15382K, capacity 16359K, committed 16384K, reserved 1048576K
}

Deoptimization events (10 events):
Event: 1076.307 Thread 0x000000001c4c2000 Uncommon trap: reason=bimorphic action=maybe_recompile pc=0x00000000064d2af4 method=com.sun.tools.javac.comp.Check$Validator.validateTree(Lcom/sun/tools/javac/tree/JCTree;ZZ)V @ 22
Event: 1076.307 Thread 0x000000001c4c2000 Uncommon trap: reason=class_check action=maybe_recompile pc=0x000000000642bee0 method=com.sun.tools.javac.comp.Attr.attribLazyConstantValue(Lcom/sun/tools/javac/comp/Env;Lcom/sun/tools/javac/tree/JCTree$JCVariableDecl;Lcom/sun/tools/javac/code/Type;)Ljava
Event: 1076.307 Thread 0x000000001c4c2000 Uncommon trap: reason=bimorphic action=maybe_recompile pc=0x00000000063943a8 method=com.sun.tools.javac.comp.Lower.boxIfNeeded(Lcom/sun/tools/javac/tree/JCTree;Lcom/sun/tools/javac/code/Type;)Lcom/sun/tools/javac/tree/JCTree; @ 4
Event: 1076.307 Thread 0x000000001c4c2000 Uncommon trap: reason=bimorphic action=maybe_recompile pc=0x0000000006495e60 method=com.sun.tools.javac.comp.Lower.boxIfNeeded(Lcom/sun/tools/javac/tree/JCTree;Lcom/sun/tools/javac/code/Type;)Lcom/sun/tools/javac/tree/JCTree; @ 4
Event: 1076.307 Thread 0x000000001c4c2000 Uncommon trap: reason=bimorphic action=maybe_recompile pc=0x0000000006495e60 method=com.sun.tools.javac.comp.Lower.boxIfNeeded(Lcom/sun/tools/javac/tree/JCTree;Lcom/sun/tools/javac/code/Type;)Lcom/sun/tools/javac/tree/JCTree; @ 4
Event: 1076.307 Thread 0x000000001c4c2000 Uncommon trap: reason=bimorphic action=maybe_recompile pc=0x0000000006495e60 method=com.sun.tools.javac.comp.Lower.boxIfNeeded(Lcom/sun/tools/javac/tree/JCTree;Lcom/sun/tools/javac/code/Type;)Lcom/sun/tools/javac/tree/JCTree; @ 4
Event: 1076.307 Thread 0x000000001c4c2000 Uncommon trap: reason=bimorphic action=maybe_recompile pc=0x00000000063943a8 method=com.sun.tools.javac.comp.Lower.boxIfNeeded(Lcom/sun/tools/javac/tree/JCTree;Lcom/sun/tools/javac/code/Type;)Lcom/sun/tools/javac/tree/JCTree; @ 4
Event: 1076.314 Thread 0x000000001c4c2000 Uncommon trap: reason=unstable_if action=reinterpret pc=0x0000000004cad664 method=org.gradle.api.internal.tasks.compile.tooling.JavaCompileTaskSuccessResultPostProcessor.finished(Lorg/gradle/internal/operations/BuildOperationDescriptor;Lorg/gradle/interna
Event: 1076.527 Thread 0x00000000211f0000 Uncommon trap: reason=unstable_if action=reinterpret pc=0x0000000004f2d17c method=java.io.ObjectStreamClass.writeNonProxy(Ljava/io/ObjectOutputStream;)V @ 22
Event: 1076.527 Thread 0x00000000211f0000 Uncommon trap: reason=unstable_if action=reinterpret pc=0x000000000553750c method=java.io.ObjectOutputStream.writeOrdinaryObject(Ljava/lang/Object;Ljava/io/ObjectStreamClass;Z)V @ 113

Classes redefined (0 events):
No events

Internal exceptions (10 events):
Event: 1068.300 Thread 0x000000001c4c2000 Implicit null exception at 0x0000000005bd419c to 0x0000000005bd4361
Event: 1068.301 Thread 0x000000001c4c2000 Implicit null exception at 0x0000000005bd419c to 0x0000000005bd4361
Event: 1068.402 Thread 0x000000001c4c2000 Implicit null exception at 0x0000000005baf72c to 0x0000000005baf7e2
Event: 1069.471 Thread 0x000000001c4c2000 Implicit null exception at 0x0000000005bb780c to 0x0000000005bb78e5
Event: 1070.304 Thread 0x000000001dfdc800 Exception <a 'java/net/ConnectException': Connection refused: connect> (0x00000000e014daf8) thrown at [D:\src\AOSP-openjdk-cygwin\jdk8u\hotspot\src\share\vm\prims\jni.cpp, line 736]
Event: 1070.879 Thread 0x000000001c4c2000 Implicit null exception at 0x00000000040f99b2 to 0x00000000040fa199
Event: 1071.508 Thread 0x000000001c4c2000 Implicit null exception at 0x0000000005e8aa18 to 0x0000000005e8aa4e
Event: 1072.151 Thread 0x000000001c4c2000 Implicit null exception at 0x0000000005d712f5 to 0x0000000005d719e9
Event: 1076.524 Thread 0x00000000211f0000 Exception <a 'java/lang/NoSuchMethodError': <clinit>> (0x00000000e000fbb8) thrown at [D:\src\AOSP-openjdk-cygwin\jdk8u\hotspot\src\share\vm\prims\jni.cpp, line 1614]
Event: 1076.525 Thread 0x00000000211f0000 Exception <a 'java/lang/NoSuchMethodError': <clinit>> (0x00000000e001a490) thrown at [D:\src\AOSP-openjdk-cygwin\jdk8u\hotspot\src\share\vm\prims\jni.cpp, line 1614]

Events (10 events):
Event: 1076.526 Thread 0x000000001dfd4000 DEOPT UNPACKING pc=0x0000000002a175d0 sp=0x00000000247ae948 mode 0
Event: 1076.526 Thread 0x000000001dfd1000 DEOPT PACKING pc=0x0000000004701a5c sp=0x00000000249aef50
Event: 1076.526 Thread 0x000000001dfd1000 DEOPT UNPACKING pc=0x0000000002a175d0 sp=0x00000000249aec98 mode 0
Event: 1076.527 loading class java/time/Ser done
Event: 1076.527 Thread 0x00000000211f0000 Uncommon trap: trap_request=0xffffff65 fr.pc=0x0000000004f2d17c
Event: 1076.527 Thread 0x00000000211f0000 DEOPT PACKING pc=0x0000000004f2d17c sp=0x000000001a9edd40
Event: 1076.527 Thread 0x00000000211f0000 DEOPT UNPACKING pc=0x0000000002a1557b sp=0x000000001a9edcc0 mode 2
Event: 1076.527 Thread 0x00000000211f0000 Uncommon trap: trap_request=0xffffff65 fr.pc=0x000000000553750c
Event: 1076.527 Thread 0x00000000211f0000 DEOPT PACKING pc=0x000000000553750c sp=0x000000001a9ede40
Event: 1076.527 Thread 0x00000000211f0000 DEOPT UNPACKING pc=0x0000000002a1557b sp=0x000000001a9ede20 mode 2


Dynamic libraries:
0x00007ff66f0a0000 - 0x00007ff66f0d1000 	C:\Program Files\Android\Android Studio\jre\bin\java.exe
0x00007ff8bd020000 - 0x00007ff8bd210000 	C:\WINDOWS\SYSTEM32\ntdll.dll
0x00007ff8bc3f0000 - 0x00007ff8bc4a2000 	C:\WINDOWS\System32\KERNEL32.DLL
0x00007ff8bab00000 - 0x00007ff8bada3000 	C:\WINDOWS\System32\KERNELBASE.dll
0x00007ff8bb240000 - 0x00007ff8bb2e3000 	C:\WINDOWS\System32\ADVAPI32.dll
0x00007ff8bc2a0000 - 0x00007ff8bc33e000 	C:\WINDOWS\System32\msvcrt.dll
0x00007ff8bc4b0000 - 0x00007ff8bc547000 	C:\WINDOWS\System32\sechost.dll
0x00007ff8bbed0000 - 0x00007ff8bbff0000 	C:\WINDOWS\System32\RPCRT4.dll
0x00007ff8bc010000 - 0x00007ff8bc1a3000 	C:\WINDOWS\System32\USER32.dll
0x00007ff8baad0000 - 0x00007ff8baaf1000 	C:\WINDOWS\System32\win32u.dll
0x00007ff8bb0d0000 - 0x00007ff8bb0f6000 	C:\WINDOWS\System32\GDI32.dll
0x00007ff8badb0000 - 0x00007ff8baf44000 	C:\WINDOWS\System32\gdi32full.dll
0x00007ff8bb030000 - 0x00007ff8bb0ce000 	C:\WINDOWS\System32\msvcp_win.dll
0x00007ff8ba250000 - 0x00007ff8ba34a000 	C:\WINDOWS\System32\ucrtbase.dll
0x00007ff8a9280000 - 0x00007ff8a9505000 	C:\WINDOWS\WinSxS\amd64_microsoft.windows.common-controls_6595b64144ccf1df_6.0.18362.10022_none_25aeebc2199250a3\COMCTL32.dll
0x00007ff8bbb20000 - 0x00007ff8bbe56000 	C:\WINDOWS\System32\combase.dll
0x00007ff8ba100000 - 0x00007ff8ba180000 	C:\WINDOWS\System32\bcryptPrimitives.dll
0x00007ff8bc1b0000 - 0x00007ff8bc1de000 	C:\WINDOWS\System32\IMM32.DLL
0x00000000643b0000 - 0x0000000064482000 	C:\Program Files\Android\Android Studio\jre\jre\bin\msvcr100.dll
0x0000000063160000 - 0x00000000639a6000 	C:\Program Files\Android\Android Studio\jre\jre\bin\server\jvm.dll
0x00007ff8bc290000 - 0x00007ff8bc298000 	C:\WINDOWS\System32\PSAPI.DLL
0x00007ff8ac970000 - 0x00007ff8ac979000 	C:\WINDOWS\SYSTEM32\WSOCK32.dll
0x00007ff8b0c60000 - 0x00007ff8b0c6a000 	C:\WINDOWS\SYSTEM32\VERSION.dll
0x00007ff8afc70000 - 0x00007ff8afc94000 	C:\WINDOWS\SYSTEM32\WINMM.dll
0x00007ff8bbab0000 - 0x00007ff8bbb1f000 	C:\WINDOWS\System32\WS2_32.dll
0x00007ff8afc40000 - 0x00007ff8afc6d000 	C:\WINDOWS\SYSTEM32\winmmbase.dll
0x00007ff8bafe0000 - 0x00007ff8bb02a000 	C:\WINDOWS\System32\cfgmgr32.dll
0x00007ff8af650000 - 0x00007ff8af65f000 	C:\Program Files\Android\Android Studio\jre\jre\bin\verify.dll
0x00007ff890120000 - 0x00007ff890149000 	C:\Program Files\Android\Android Studio\jre\jre\bin\java.dll
0x00007ff8aeef0000 - 0x00007ff8aef06000 	C:\Program Files\Android\Android Studio\jre\jre\bin\zip.dll
0x00007ff8bc550000 - 0x00007ff8bcc35000 	C:\WINDOWS\System32\SHELL32.dll
0x00007ff8bc1e0000 - 0x00007ff8bc289000 	C:\WINDOWS\System32\shcore.dll
0x00007ff8ba350000 - 0x00007ff8baace000 	C:\WINDOWS\System32\windows.storage.dll
0x00007ff8b9f50000 - 0x00007ff8b9f6f000 	C:\WINDOWS\System32\profapi.dll
0x00007ff8b9f00000 - 0x00007ff8b9f4a000 	C:\WINDOWS\System32\powrprof.dll
0x00007ff8b9ef0000 - 0x00007ff8b9f00000 	C:\WINDOWS\System32\UMPDC.dll
0x00007ff8bb960000 - 0x00007ff8bb9b2000 	C:\WINDOWS\System32\shlwapi.dll
0x00007ff8b9f70000 - 0x00007ff8b9f81000 	C:\WINDOWS\System32\kernel.appcore.dll
0x00007ff8ba230000 - 0x00007ff8ba247000 	C:\WINDOWS\System32\cryptsp.dll
0x00007ff895c70000 - 0x00007ff895c8a000 	C:\Program Files\Android\Android Studio\jre\jre\bin\net.dll
0x00007ff8b9700000 - 0x00007ff8b9767000 	C:\WINDOWS\system32\mswsock.dll
0x00007ff86bfe0000 - 0x00007ff86bff1000 	C:\Program Files\Android\Android Studio\jre\jre\bin\nio.dll
0x00007ff874460000 - 0x00007ff874486000 	C:\Users\Ir Christian Scott\.gradle\native\29\windows-amd64\native-platform.dll
0x00007ff8af640000 - 0x00007ff8af64d000 	C:\Program Files\Android\Android Studio\jre\jre\bin\management.dll
0x00007ff8b9270000 - 0x00007ff8b92a3000 	C:\WINDOWS\system32\rsaenh.dll
0x00007ff8bafb0000 - 0x00007ff8bafd6000 	C:\WINDOWS\System32\bcrypt.dll
0x00007ff8b9de0000 - 0x00007ff8b9e05000 	C:\WINDOWS\SYSTEM32\USERENV.dll
0x00007ff8b98d0000 - 0x00007ff8b98dc000 	C:\WINDOWS\SYSTEM32\CRYPTBASE.dll
0x00007ff8b9410000 - 0x00007ff8b944a000 	C:\WINDOWS\SYSTEM32\IPHLPAPI.DLL
0x00007ff8bcf50000 - 0x00007ff8bcf58000 	C:\WINDOWS\System32\NSI.dll
0x00007ff8b24c0000 - 0x00007ff8b24d6000 	C:\WINDOWS\SYSTEM32\dhcpcsvc6.DLL
0x00007ff8b1fa0000 - 0x00007ff8b1fbc000 	C:\WINDOWS\SYSTEM32\dhcpcsvc.DLL
0x00007ff8b9450000 - 0x00007ff8b951a000 	C:\WINDOWS\SYSTEM32\DNSAPI.dll
0x00007ff8b0160000 - 0x00007ff8b017e000 	C:\Users\Ir Christian Scott\AppData\Local\Temp\native-platform1802421006769240215dir\native-platform.dll

VM Arguments:
jvm_args: -Xmx1536m -Dfile.encoding=windows-1252 -Duser.country=US -Duser.language=en -Duser.variant 
java_command: org.gradle.launcher.daemon.bootstrap.GradleDaemon 5.4.1
java_class_path (initial): C:\Users\Ir Christian Scott\.gradle\wrapper\dists\gradle-5.4.1-all\3221gyojl5jsh0helicew7rwx\gradle-5.4.1\lib\gradle-launcher-5.4.1.jar
Launcher Type: SUN_STANDARD

Environment Variables:
PATH=C:\Python27\;C:\Python27\Scripts;C:\Program Files (x86)\Common Files\Oracle\Java\javapath;C:\WINDOWS\system32;C:\WINDOWS;C:\WINDOWS\System32\Wbem;C:\WINDOWS\System32\WindowsPowerShell\v1.0\;C:\WINDOWS\System32\OpenSSH\;C:\Program Files\Git\cmd;C:\Program Files\nodejs\;C:\Ruby DevKit\bin;C:\Ruby23-x64\bin;C:\xampp\php;C:\Program Files\PuTTY\;C:\Program Files\Heroku\bin;C:\Android\Sdk\emulator;C:\Ruby DevKit;C:\flutter\bin;C:\Go\bin;C:\composer;C:\Program Files (x86)\Tesseract-OCR;C:\Users\Ir Christian Scott\AppData\Local\Programs\Python\Python37\Scripts\;C:\Users\Ir Christian Scott\AppData\Local\Programs\Python\Python37\;C:\Ruby23-x64\bin;C:\Users\Ir Christian Scott\AppData\Local\Microsoft\WindowsApps;C:\Users\Ir Christian Scott\AppData\Local\Programs\Microsoft VS Code\bin;C:\Users\Ir Christian Scott\AppData\Roaming\npm;C:\xampp\php;C:\Program Files\Heroku\bin;C:\Android\Sdk\emulator;C:\Ruby DevKit;C:\Ruby DevKit\bin;C:\flutter\bin;C:\Users\Ir Christian Scott\go\bin;C:\Go\bin;C:\Users\Ir Christian Scott\AppData\Roaming\Composer\vendor\bin;C:\composer;C:\Program Files (x86)\Tesseract-OCR;
USERNAME=Ir Christian Scott
OS=Windows_NT
PROCESSOR_IDENTIFIER=Intel64 Family 6 Model 78 Stepping 3, GenuineIntel



---------------  S Y S T E M  ---------------

OS: Windows 10.0 , 64 bit Build 18362 (10.0.18362.10022)

CPU:total 4 (initial active 4) (2 cores per cpu, 2 threads per core) family 6 model 78 stepping 3, cmov, cx8, fxsr, mmx, sse, sse2, sse3, ssse3, sse4.1, sse4.2, popcnt, avx, avx2, aes, clmul, erms, rtm, 3dnowpref, lzcnt, ht, tsc, tscinvbit, bmi1, bmi2, adx

Memory: 4k page, physical 7785636k(607392k free), swap 16051684k(3764k free)

vm_info: OpenJDK 64-Bit Server VM (25.202-b03) for windows-amd64 JRE (1.8.0_202-release-1483-b03), built by "builder" with MS VC++ 10.0 (VS2010)

time: Fri Oct 18 13:04:29 2019
timezone: E. Africa Standard Time
elapsed time: 1076 seconds (0d 0h 17m 56s)

